
ROM used: 196 (2%)
          196 (2%) including unused fragments

          0 Average locations per line
          2 Average locations per statement

RAM used: 21 (6%) at main() level
          23 (6%) worst case

Stack used: 2 worst case (out of 7 total available)

Lines Stmts  %   Files
----- ----- ---  -----
   98    28  31  adc_fpga.c
   17     0   0  adc_fpga.h
  313     0   0  ..\..\..\..\..\Program Files\PICC\devices\16F877A.h
  180    63  69  ..\..\..\..\..\Program Files\PICC\drivers\lcd.c
----- -----
  608    91 Total

Page ROM  %  RAM   Vol Diff  Functions:
---- --- --- ---   --- ----  ----------
 Inline        1             @delay_ms2
0     17   9   1             @delay_us2
0     27  14   0    48  1.1  ADC_Kesmesi
0     99  51   1   601  2.9  MAIN

Program metrics:
    Functions               2
    Statements              91
    Comments                149
    Volume (V)              717
    Difficilty (D)          4.1
    Effort to implement (E) 2910
    Time to implement (T)   3 minutes
    Est Delivered Bugs (B)  0
    Cyclomatic Complexity   1
    Maintainability (MI)    115

 Segment     Used  Free
-----------  ----  ----
00000-00003     4  0  
00004-00034    49  0  
00035-007FF   143  1852  
00800-00FFF     0  2048  
01000-017FF     0  2048  
01800-01FFF     0  2048  



